<?xml version="1.0" encoding="UTF-8"?>
<testsuite xmlns:xsi="http://www.w3.org/2001/XMLSchema-instance" xsi:noNamespaceSchemaLocation="https://maven.apache.org/surefire/maven-surefire-plugin/xsd/surefire-test-report.xsd" name="com.dong.MiaoshaSystemApplicationTests" time="6.644" tests="1" errors="0" skipped="0" failures="0">
  <properties>
    <property name="sun.desktop" value="windows"/>
    <property name="awt.toolkit" value="sun.awt.windows.WToolkit"/>
    <property name="file.encoding.pkg" value="sun.io"/>
    <property name="java.specification.version" value="1.8"/>
    <property name="sun.cpu.isalist" value="amd64"/>
    <property name="sun.jnu.encoding" value="GBK"/>
    <property name="java.class.path" value="D:\miaosha-system\target\test-classes;D:\miaosha-system\target\classes;D:\Program Files\mavenReposity\org\springframework\boot\spring-boot-starter-thymeleaf\2.4.4\spring-boot-starter-thymeleaf-2.4.4.jar;D:\Program Files\mavenReposity\org\springframework\boot\spring-boot-starter\2.4.4\spring-boot-starter-2.4.4.jar;D:\Program Files\mavenReposity\org\springframework\boot\spring-boot\2.4.4\spring-boot-2.4.4.jar;D:\Program Files\mavenReposity\org\springframework\boot\spring-boot-starter-logging\2.4.4\spring-boot-starter-logging-2.4.4.jar;D:\Program Files\mavenReposity\ch\qos\logback\logback-classic\1.2.3\logback-classic-1.2.3.jar;D:\Program Files\mavenReposity\ch\qos\logback\logback-core\1.2.3\logback-core-1.2.3.jar;D:\Program Files\mavenReposity\org\apache\logging\log4j\log4j-to-slf4j\2.13.3\log4j-to-slf4j-2.13.3.jar;D:\Program Files\mavenReposity\org\apache\logging\log4j\log4j-api\2.13.3\log4j-api-2.13.3.jar;D:\Program Files\mavenReposity\org\slf4j\jul-to-slf4j\1.7.30\jul-to-slf4j-1.7.30.jar;D:\Program Files\mavenReposity\jakarta\annotation\jakarta.annotation-api\1.3.5\jakarta.annotation-api-1.3.5.jar;D:\Program Files\mavenReposity\org\yaml\snakeyaml\1.27\snakeyaml-1.27.jar;D:\Program Files\mavenReposity\org\thymeleaf\thymeleaf-spring5\3.0.12.RELEASE\thymeleaf-spring5-3.0.12.RELEASE.jar;D:\Program Files\mavenReposity\org\thymeleaf\thymeleaf\3.0.12.RELEASE\thymeleaf-3.0.12.RELEASE.jar;D:\Program Files\mavenReposity\org\attoparser\attoparser\2.0.5.RELEASE\attoparser-2.0.5.RELEASE.jar;D:\Program Files\mavenReposity\org\unbescape\unbescape\1.1.6.RELEASE\unbescape-1.1.6.RELEASE.jar;D:\Program Files\mavenReposity\org\slf4j\slf4j-api\1.7.30\slf4j-api-1.7.30.jar;D:\Program Files\mavenReposity\org\thymeleaf\extras\thymeleaf-extras-java8time\3.0.4.RELEASE\thymeleaf-extras-java8time-3.0.4.RELEASE.jar;D:\Program Files\mavenReposity\org\springframework\boot\spring-boot-starter-web\2.4.4\spring-boot-starter-web-2.4.4.jar;D:\Program Files\mavenReposity\org\springframework\boot\spring-boot-starter-json\2.4.4\spring-boot-starter-json-2.4.4.jar;D:\Program Files\mavenReposity\com\fasterxml\jackson\core\jackson-databind\2.11.4\jackson-databind-2.11.4.jar;D:\Program Files\mavenReposity\com\fasterxml\jackson\core\jackson-annotations\2.11.4\jackson-annotations-2.11.4.jar;D:\Program Files\mavenReposity\com\fasterxml\jackson\core\jackson-core\2.11.4\jackson-core-2.11.4.jar;D:\Program Files\mavenReposity\com\fasterxml\jackson\datatype\jackson-datatype-jdk8\2.11.4\jackson-datatype-jdk8-2.11.4.jar;D:\Program Files\mavenReposity\com\fasterxml\jackson\datatype\jackson-datatype-jsr310\2.11.4\jackson-datatype-jsr310-2.11.4.jar;D:\Program Files\mavenReposity\com\fasterxml\jackson\module\jackson-module-parameter-names\2.11.4\jackson-module-parameter-names-2.11.4.jar;D:\Program Files\mavenReposity\org\springframework\boot\spring-boot-starter-tomcat\2.4.4\spring-boot-starter-tomcat-2.4.4.jar;D:\Program Files\mavenReposity\org\apache\tomcat\embed\tomcat-embed-core\9.0.44\tomcat-embed-core-9.0.44.jar;D:\Program Files\mavenReposity\org\apache\tomcat\embed\tomcat-embed-websocket\9.0.44\tomcat-embed-websocket-9.0.44.jar;D:\Program Files\mavenReposity\org\springframework\spring-web\5.3.5\spring-web-5.3.5.jar;D:\Program Files\mavenReposity\org\springframework\spring-beans\5.3.5\spring-beans-5.3.5.jar;D:\Program Files\mavenReposity\org\springframework\spring-webmvc\5.3.5\spring-webmvc-5.3.5.jar;D:\Program Files\mavenReposity\org\springframework\spring-aop\5.3.5\spring-aop-5.3.5.jar;D:\Program Files\mavenReposity\org\springframework\spring-context\5.3.5\spring-context-5.3.5.jar;D:\Program Files\mavenReposity\org\springframework\spring-expression\5.3.5\spring-expression-5.3.5.jar;D:\Program Files\mavenReposity\mysql\mysql-connector-java\8.0.23\mysql-connector-java-8.0.23.jar;D:\Program Files\mavenReposity\org\projectlombok\lombok\1.18.18\lombok-1.18.18.jar;D:\Program Files\mavenReposity\org\springframework\boot\spring-boot-starter-test\2.4.4\spring-boot-starter-test-2.4.4.jar;D:\Program Files\mavenReposity\org\springframework\boot\spring-boot-test\2.4.4\spring-boot-test-2.4.4.jar;D:\Program Files\mavenReposity\org\springframework\boot\spring-boot-test-autoconfigure\2.4.4\spring-boot-test-autoconfigure-2.4.4.jar;D:\Program Files\mavenReposity\com\jayway\jsonpath\json-path\2.4.0\json-path-2.4.0.jar;D:\Program Files\mavenReposity\net\minidev\json-smart\2.3\json-smart-2.3.jar;D:\Program Files\mavenReposity\net\minidev\accessors-smart\1.2\accessors-smart-1.2.jar;D:\Program Files\mavenReposity\org\ow2\asm\asm\5.0.4\asm-5.0.4.jar;D:\Program Files\mavenReposity\jakarta\xml\bind\jakarta.xml.bind-api\2.3.3\jakarta.xml.bind-api-2.3.3.jar;D:\Program Files\mavenReposity\jakarta\activation\jakarta.activation-api\1.2.2\jakarta.activation-api-1.2.2.jar;D:\Program Files\mavenReposity\org\assertj\assertj-core\3.18.1\assertj-core-3.18.1.jar;D:\Program Files\mavenReposity\org\hamcrest\hamcrest\2.2\hamcrest-2.2.jar;D:\Program Files\mavenReposity\org\junit\jupiter\junit-jupiter\5.7.1\junit-jupiter-5.7.1.jar;D:\Program Files\mavenReposity\org\junit\jupiter\junit-jupiter-api\5.7.1\junit-jupiter-api-5.7.1.jar;D:\Program Files\mavenReposity\org\apiguardian\apiguardian-api\1.1.0\apiguardian-api-1.1.0.jar;D:\Program Files\mavenReposity\org\opentest4j\opentest4j\1.2.0\opentest4j-1.2.0.jar;D:\Program Files\mavenReposity\org\junit\platform\junit-platform-commons\1.7.1\junit-platform-commons-1.7.1.jar;D:\Program Files\mavenReposity\org\junit\jupiter\junit-jupiter-params\5.7.1\junit-jupiter-params-5.7.1.jar;D:\Program Files\mavenReposity\org\junit\jupiter\junit-jupiter-engine\5.7.1\junit-jupiter-engine-5.7.1.jar;D:\Program Files\mavenReposity\org\junit\platform\junit-platform-engine\1.7.1\junit-platform-engine-1.7.1.jar;D:\Program Files\mavenReposity\org\mockito\mockito-core\3.6.28\mockito-core-3.6.28.jar;D:\Program Files\mavenReposity\net\bytebuddy\byte-buddy\1.10.22\byte-buddy-1.10.22.jar;D:\Program Files\mavenReposity\net\bytebuddy\byte-buddy-agent\1.10.22\byte-buddy-agent-1.10.22.jar;D:\Program Files\mavenReposity\org\objenesis\objenesis\3.1\objenesis-3.1.jar;D:\Program Files\mavenReposity\org\mockito\mockito-junit-jupiter\3.6.28\mockito-junit-jupiter-3.6.28.jar;D:\Program Files\mavenReposity\org\skyscreamer\jsonassert\1.5.0\jsonassert-1.5.0.jar;D:\Program Files\mavenReposity\com\vaadin\external\google\android-json\0.0.20131108.vaadin1\android-json-0.0.20131108.vaadin1.jar;D:\Program Files\mavenReposity\org\springframework\spring-core\5.3.5\spring-core-5.3.5.jar;D:\Program Files\mavenReposity\org\springframework\spring-jcl\5.3.5\spring-jcl-5.3.5.jar;D:\Program Files\mavenReposity\org\springframework\spring-test\5.3.5\spring-test-5.3.5.jar;D:\Program Files\mavenReposity\org\xmlunit\xmlunit-core\2.7.0\xmlunit-core-2.7.0.jar;D:\Program Files\mavenReposity\com\baomidou\mybatis-plus-boot-starter\3.3.1\mybatis-plus-boot-starter-3.3.1.jar;D:\Program Files\mavenReposity\com\baomidou\mybatis-plus\3.3.1\mybatis-plus-3.3.1.jar;D:\Program Files\mavenReposity\com\baomidou\mybatis-plus-extension\3.3.1\mybatis-plus-extension-3.3.1.jar;D:\Program Files\mavenReposity\com\baomidou\mybatis-plus-core\3.3.1\mybatis-plus-core-3.3.1.jar;D:\Program Files\mavenReposity\com\baomidou\mybatis-plus-annotation\3.3.1\mybatis-plus-annotation-3.3.1.jar;D:\Program Files\mavenReposity\com\github\jsqlparser\jsqlparser\3.1\jsqlparser-3.1.jar;D:\Program Files\mavenReposity\org\mybatis\mybatis\3.5.3\mybatis-3.5.3.jar;D:\Program Files\mavenReposity\org\mybatis\mybatis-spring\2.0.3\mybatis-spring-2.0.3.jar;D:\Program Files\mavenReposity\org\springframework\boot\spring-boot-autoconfigure\2.4.4\spring-boot-autoconfigure-2.4.4.jar;D:\Program Files\mavenReposity\org\springframework\boot\spring-boot-starter-jdbc\2.4.4\spring-boot-starter-jdbc-2.4.4.jar;D:\Program Files\mavenReposity\com\zaxxer\HikariCP\3.4.5\HikariCP-3.4.5.jar;D:\Program Files\mavenReposity\org\springframework\spring-jdbc\5.3.5\spring-jdbc-5.3.5.jar;D:\Program Files\mavenReposity\commons-codec\commons-codec\1.15\commons-codec-1.15.jar;D:\Program Files\mavenReposity\org\springframework\boot\spring-boot-starter-validation\2.4.4\spring-boot-starter-validation-2.4.4.jar;D:\Program Files\mavenReposity\org\glassfish\jakarta.el\3.0.3\jakarta.el-3.0.3.jar;D:\Program Files\mavenReposity\org\hibernate\validator\hibernate-validator\6.1.7.Final\hibernate-validator-6.1.7.Final.jar;D:\Program Files\mavenReposity\jakarta\validation\jakarta.validation-api\2.0.2\jakarta.validation-api-2.0.2.jar;D:\Program Files\mavenReposity\org\jboss\logging\jboss-logging\3.4.1.Final\jboss-logging-3.4.1.Final.jar;D:\Program Files\mavenReposity\com\fasterxml\classmate\1.5.1\classmate-1.5.1.jar;D:\Program Files\mavenReposity\org\springframework\boot\spring-boot-starter-data-redis\2.4.4\spring-boot-starter-data-redis-2.4.4.jar;D:\Program Files\mavenReposity\org\springframework\data\spring-data-redis\2.4.6\spring-data-redis-2.4.6.jar;D:\Program Files\mavenReposity\org\springframework\data\spring-data-keyvalue\2.4.6\spring-data-keyvalue-2.4.6.jar;D:\Program Files\mavenReposity\org\springframework\data\spring-data-commons\2.4.6\spring-data-commons-2.4.6.jar;D:\Program Files\mavenReposity\org\springframework\spring-tx\5.3.5\spring-tx-5.3.5.jar;D:\Program Files\mavenReposity\org\springframework\spring-oxm\5.3.5\spring-oxm-5.3.5.jar;D:\Program Files\mavenReposity\org\springframework\spring-context-support\5.3.5\spring-context-support-5.3.5.jar;D:\Program Files\mavenReposity\io\lettuce\lettuce-core\6.0.3.RELEASE\lettuce-core-6.0.3.RELEASE.jar;D:\Program Files\mavenReposity\io\netty\netty-common\4.1.60.Final\netty-common-4.1.60.Final.jar;D:\Program Files\mavenReposity\io\netty\netty-handler\4.1.60.Final\netty-handler-4.1.60.Final.jar;D:\Program Files\mavenReposity\io\netty\netty-resolver\4.1.60.Final\netty-resolver-4.1.60.Final.jar;D:\Program Files\mavenReposity\io\netty\netty-buffer\4.1.60.Final\netty-buffer-4.1.60.Final.jar;D:\Program Files\mavenReposity\io\netty\netty-codec\4.1.60.Final\netty-codec-4.1.60.Final.jar;D:\Program Files\mavenReposity\io\netty\netty-transport\4.1.60.Final\netty-transport-4.1.60.Final.jar;D:\Program Files\mavenReposity\io\projectreactor\reactor-core\3.4.4\reactor-core-3.4.4.jar;D:\Program Files\mavenReposity\org\reactivestreams\reactive-streams\1.0.3\reactive-streams-1.0.3.jar;D:\Program Files\mavenReposity\org\apache\commons\commons-pool2\2.9.0\commons-pool2-2.9.0.jar;D:\Program Files\mavenReposity\org\springframework\boot\spring-boot-starter-amqp\2.4.4\spring-boot-starter-amqp-2.4.4.jar;D:\Program Files\mavenReposity\org\springframework\spring-messaging\5.3.5\spring-messaging-5.3.5.jar;D:\Program Files\mavenReposity\org\springframework\amqp\spring-rabbit\2.3.6\spring-rabbit-2.3.6.jar;D:\Program Files\mavenReposity\org\springframework\amqp\spring-amqp\2.3.6\spring-amqp-2.3.6.jar;D:\Program Files\mavenReposity\org\springframework\retry\spring-retry\1.3.1\spring-retry-1.3.1.jar;D:\Program Files\mavenReposity\com\rabbitmq\amqp-client\5.10.0\amqp-client-5.10.0.jar;"/>
    <property name="java.vm.vendor" value="Oracle Corporation"/>
    <property name="sun.arch.data.model" value="64"/>
    <property name="user.variant" value=""/>
    <property name="java.vendor.url" value="http://java.oracle.com/"/>
    <property name="user.timezone" value="Asia/Shanghai"/>
    <property name="java.vm.specification.version" value="1.8"/>
    <property name="os.name" value="Windows 10"/>
    <property name="user.country" value="CN"/>
    <property name="sun.java.launcher" value="SUN_STANDARD"/>
    <property name="sun.boot.library.path" value="D:\jdk1.8\jre\bin"/>
    <property name="sun.java.command" value="C:\Users\86182\AppData\Local\Temp\surefire5314603159069173750\surefirebooter8025580728477901346.jar C:\Users\86182\AppData\Local\Temp\surefire5314603159069173750 2022-04-09T15-02-04_516-jvmRun1 surefire6875249575693573800tmp surefire_01532759482853086629tmp"/>
    <property name="surefire.test.class.path" value="D:\miaosha-system\target\test-classes;D:\miaosha-system\target\classes;D:\Program Files\mavenReposity\org\springframework\boot\spring-boot-starter-thymeleaf\2.4.4\spring-boot-starter-thymeleaf-2.4.4.jar;D:\Program Files\mavenReposity\org\springframework\boot\spring-boot-starter\2.4.4\spring-boot-starter-2.4.4.jar;D:\Program Files\mavenReposity\org\springframework\boot\spring-boot\2.4.4\spring-boot-2.4.4.jar;D:\Program Files\mavenReposity\org\springframework\boot\spring-boot-starter-logging\2.4.4\spring-boot-starter-logging-2.4.4.jar;D:\Program Files\mavenReposity\ch\qos\logback\logback-classic\1.2.3\logback-classic-1.2.3.jar;D:\Program Files\mavenReposity\ch\qos\logback\logback-core\1.2.3\logback-core-1.2.3.jar;D:\Program Files\mavenReposity\org\apache\logging\log4j\log4j-to-slf4j\2.13.3\log4j-to-slf4j-2.13.3.jar;D:\Program Files\mavenReposity\org\apache\logging\log4j\log4j-api\2.13.3\log4j-api-2.13.3.jar;D:\Program Files\mavenReposity\org\slf4j\jul-to-slf4j\1.7.30\jul-to-slf4j-1.7.30.jar;D:\Program Files\mavenReposity\jakarta\annotation\jakarta.annotation-api\1.3.5\jakarta.annotation-api-1.3.5.jar;D:\Program Files\mavenReposity\org\yaml\snakeyaml\1.27\snakeyaml-1.27.jar;D:\Program Files\mavenReposity\org\thymeleaf\thymeleaf-spring5\3.0.12.RELEASE\thymeleaf-spring5-3.0.12.RELEASE.jar;D:\Program Files\mavenReposity\org\thymeleaf\thymeleaf\3.0.12.RELEASE\thymeleaf-3.0.12.RELEASE.jar;D:\Program Files\mavenReposity\org\attoparser\attoparser\2.0.5.RELEASE\attoparser-2.0.5.RELEASE.jar;D:\Program Files\mavenReposity\org\unbescape\unbescape\1.1.6.RELEASE\unbescape-1.1.6.RELEASE.jar;D:\Program Files\mavenReposity\org\slf4j\slf4j-api\1.7.30\slf4j-api-1.7.30.jar;D:\Program Files\mavenReposity\org\thymeleaf\extras\thymeleaf-extras-java8time\3.0.4.RELEASE\thymeleaf-extras-java8time-3.0.4.RELEASE.jar;D:\Program Files\mavenReposity\org\springframework\boot\spring-boot-starter-web\2.4.4\spring-boot-starter-web-2.4.4.jar;D:\Program Files\mavenReposity\org\springframework\boot\spring-boot-starter-json\2.4.4\spring-boot-starter-json-2.4.4.jar;D:\Program Files\mavenReposity\com\fasterxml\jackson\core\jackson-databind\2.11.4\jackson-databind-2.11.4.jar;D:\Program Files\mavenReposity\com\fasterxml\jackson\core\jackson-annotations\2.11.4\jackson-annotations-2.11.4.jar;D:\Program Files\mavenReposity\com\fasterxml\jackson\core\jackson-core\2.11.4\jackson-core-2.11.4.jar;D:\Program Files\mavenReposity\com\fasterxml\jackson\datatype\jackson-datatype-jdk8\2.11.4\jackson-datatype-jdk8-2.11.4.jar;D:\Program Files\mavenReposity\com\fasterxml\jackson\datatype\jackson-datatype-jsr310\2.11.4\jackson-datatype-jsr310-2.11.4.jar;D:\Program Files\mavenReposity\com\fasterxml\jackson\module\jackson-module-parameter-names\2.11.4\jackson-module-parameter-names-2.11.4.jar;D:\Program Files\mavenReposity\org\springframework\boot\spring-boot-starter-tomcat\2.4.4\spring-boot-starter-tomcat-2.4.4.jar;D:\Program Files\mavenReposity\org\apache\tomcat\embed\tomcat-embed-core\9.0.44\tomcat-embed-core-9.0.44.jar;D:\Program Files\mavenReposity\org\apache\tomcat\embed\tomcat-embed-websocket\9.0.44\tomcat-embed-websocket-9.0.44.jar;D:\Program Files\mavenReposity\org\springframework\spring-web\5.3.5\spring-web-5.3.5.jar;D:\Program Files\mavenReposity\org\springframework\spring-beans\5.3.5\spring-beans-5.3.5.jar;D:\Program Files\mavenReposity\org\springframework\spring-webmvc\5.3.5\spring-webmvc-5.3.5.jar;D:\Program Files\mavenReposity\org\springframework\spring-aop\5.3.5\spring-aop-5.3.5.jar;D:\Program Files\mavenReposity\org\springframework\spring-context\5.3.5\spring-context-5.3.5.jar;D:\Program Files\mavenReposity\org\springframework\spring-expression\5.3.5\spring-expression-5.3.5.jar;D:\Program Files\mavenReposity\mysql\mysql-connector-java\8.0.23\mysql-connector-java-8.0.23.jar;D:\Program Files\mavenReposity\org\projectlombok\lombok\1.18.18\lombok-1.18.18.jar;D:\Program Files\mavenReposity\org\springframework\boot\spring-boot-starter-test\2.4.4\spring-boot-starter-test-2.4.4.jar;D:\Program Files\mavenReposity\org\springframework\boot\spring-boot-test\2.4.4\spring-boot-test-2.4.4.jar;D:\Program Files\mavenReposity\org\springframework\boot\spring-boot-test-autoconfigure\2.4.4\spring-boot-test-autoconfigure-2.4.4.jar;D:\Program Files\mavenReposity\com\jayway\jsonpath\json-path\2.4.0\json-path-2.4.0.jar;D:\Program Files\mavenReposity\net\minidev\json-smart\2.3\json-smart-2.3.jar;D:\Program Files\mavenReposity\net\minidev\accessors-smart\1.2\accessors-smart-1.2.jar;D:\Program Files\mavenReposity\org\ow2\asm\asm\5.0.4\asm-5.0.4.jar;D:\Program Files\mavenReposity\jakarta\xml\bind\jakarta.xml.bind-api\2.3.3\jakarta.xml.bind-api-2.3.3.jar;D:\Program Files\mavenReposity\jakarta\activation\jakarta.activation-api\1.2.2\jakarta.activation-api-1.2.2.jar;D:\Program Files\mavenReposity\org\assertj\assertj-core\3.18.1\assertj-core-3.18.1.jar;D:\Program Files\mavenReposity\org\hamcrest\hamcrest\2.2\hamcrest-2.2.jar;D:\Program Files\mavenReposity\org\junit\jupiter\junit-jupiter\5.7.1\junit-jupiter-5.7.1.jar;D:\Program Files\mavenReposity\org\junit\jupiter\junit-jupiter-api\5.7.1\junit-jupiter-api-5.7.1.jar;D:\Program Files\mavenReposity\org\apiguardian\apiguardian-api\1.1.0\apiguardian-api-1.1.0.jar;D:\Program Files\mavenReposity\org\opentest4j\opentest4j\1.2.0\opentest4j-1.2.0.jar;D:\Program Files\mavenReposity\org\junit\platform\junit-platform-commons\1.7.1\junit-platform-commons-1.7.1.jar;D:\Program Files\mavenReposity\org\junit\jupiter\junit-jupiter-params\5.7.1\junit-jupiter-params-5.7.1.jar;D:\Program Files\mavenReposity\org\junit\jupiter\junit-jupiter-engine\5.7.1\junit-jupiter-engine-5.7.1.jar;D:\Program Files\mavenReposity\org\junit\platform\junit-platform-engine\1.7.1\junit-platform-engine-1.7.1.jar;D:\Program Files\mavenReposity\org\mockito\mockito-core\3.6.28\mockito-core-3.6.28.jar;D:\Program Files\mavenReposity\net\bytebuddy\byte-buddy\1.10.22\byte-buddy-1.10.22.jar;D:\Program Files\mavenReposity\net\bytebuddy\byte-buddy-agent\1.10.22\byte-buddy-agent-1.10.22.jar;D:\Program Files\mavenReposity\org\objenesis\objenesis\3.1\objenesis-3.1.jar;D:\Program Files\mavenReposity\org\mockito\mockito-junit-jupiter\3.6.28\mockito-junit-jupiter-3.6.28.jar;D:\Program Files\mavenReposity\org\skyscreamer\jsonassert\1.5.0\jsonassert-1.5.0.jar;D:\Program Files\mavenReposity\com\vaadin\external\google\android-json\0.0.20131108.vaadin1\android-json-0.0.20131108.vaadin1.jar;D:\Program Files\mavenReposity\org\springframework\spring-core\5.3.5\spring-core-5.3.5.jar;D:\Program Files\mavenReposity\org\springframework\spring-jcl\5.3.5\spring-jcl-5.3.5.jar;D:\Program Files\mavenReposity\org\springframework\spring-test\5.3.5\spring-test-5.3.5.jar;D:\Program Files\mavenReposity\org\xmlunit\xmlunit-core\2.7.0\xmlunit-core-2.7.0.jar;D:\Program Files\mavenReposity\com\baomidou\mybatis-plus-boot-starter\3.3.1\mybatis-plus-boot-starter-3.3.1.jar;D:\Program Files\mavenReposity\com\baomidou\mybatis-plus\3.3.1\mybatis-plus-3.3.1.jar;D:\Program Files\mavenReposity\com\baomidou\mybatis-plus-extension\3.3.1\mybatis-plus-extension-3.3.1.jar;D:\Program Files\mavenReposity\com\baomidou\mybatis-plus-core\3.3.1\mybatis-plus-core-3.3.1.jar;D:\Program Files\mavenReposity\com\baomidou\mybatis-plus-annotation\3.3.1\mybatis-plus-annotation-3.3.1.jar;D:\Program Files\mavenReposity\com\github\jsqlparser\jsqlparser\3.1\jsqlparser-3.1.jar;D:\Program Files\mavenReposity\org\mybatis\mybatis\3.5.3\mybatis-3.5.3.jar;D:\Program Files\mavenReposity\org\mybatis\mybatis-spring\2.0.3\mybatis-spring-2.0.3.jar;D:\Program Files\mavenReposity\org\springframework\boot\spring-boot-autoconfigure\2.4.4\spring-boot-autoconfigure-2.4.4.jar;D:\Program Files\mavenReposity\org\springframework\boot\spring-boot-starter-jdbc\2.4.4\spring-boot-starter-jdbc-2.4.4.jar;D:\Program Files\mavenReposity\com\zaxxer\HikariCP\3.4.5\HikariCP-3.4.5.jar;D:\Program Files\mavenReposity\org\springframework\spring-jdbc\5.3.5\spring-jdbc-5.3.5.jar;D:\Program Files\mavenReposity\commons-codec\commons-codec\1.15\commons-codec-1.15.jar;D:\Program Files\mavenReposity\org\springframework\boot\spring-boot-starter-validation\2.4.4\spring-boot-starter-validation-2.4.4.jar;D:\Program Files\mavenReposity\org\glassfish\jakarta.el\3.0.3\jakarta.el-3.0.3.jar;D:\Program Files\mavenReposity\org\hibernate\validator\hibernate-validator\6.1.7.Final\hibernate-validator-6.1.7.Final.jar;D:\Program Files\mavenReposity\jakarta\validation\jakarta.validation-api\2.0.2\jakarta.validation-api-2.0.2.jar;D:\Program Files\mavenReposity\org\jboss\logging\jboss-logging\3.4.1.Final\jboss-logging-3.4.1.Final.jar;D:\Program Files\mavenReposity\com\fasterxml\classmate\1.5.1\classmate-1.5.1.jar;D:\Program Files\mavenReposity\org\springframework\boot\spring-boot-starter-data-redis\2.4.4\spring-boot-starter-data-redis-2.4.4.jar;D:\Program Files\mavenReposity\org\springframework\data\spring-data-redis\2.4.6\spring-data-redis-2.4.6.jar;D:\Program Files\mavenReposity\org\springframework\data\spring-data-keyvalue\2.4.6\spring-data-keyvalue-2.4.6.jar;D:\Program Files\mavenReposity\org\springframework\data\spring-data-commons\2.4.6\spring-data-commons-2.4.6.jar;D:\Program Files\mavenReposity\org\springframework\spring-tx\5.3.5\spring-tx-5.3.5.jar;D:\Program Files\mavenReposity\org\springframework\spring-oxm\5.3.5\spring-oxm-5.3.5.jar;D:\Program Files\mavenReposity\org\springframework\spring-context-support\5.3.5\spring-context-support-5.3.5.jar;D:\Program Files\mavenReposity\io\lettuce\lettuce-core\6.0.3.RELEASE\lettuce-core-6.0.3.RELEASE.jar;D:\Program Files\mavenReposity\io\netty\netty-common\4.1.60.Final\netty-common-4.1.60.Final.jar;D:\Program Files\mavenReposity\io\netty\netty-handler\4.1.60.Final\netty-handler-4.1.60.Final.jar;D:\Program Files\mavenReposity\io\netty\netty-resolver\4.1.60.Final\netty-resolver-4.1.60.Final.jar;D:\Program Files\mavenReposity\io\netty\netty-buffer\4.1.60.Final\netty-buffer-4.1.60.Final.jar;D:\Program Files\mavenReposity\io\netty\netty-codec\4.1.60.Final\netty-codec-4.1.60.Final.jar;D:\Program Files\mavenReposity\io\netty\netty-transport\4.1.60.Final\netty-transport-4.1.60.Final.jar;D:\Program Files\mavenReposity\io\projectreactor\reactor-core\3.4.4\reactor-core-3.4.4.jar;D:\Program Files\mavenReposity\org\reactivestreams\reactive-streams\1.0.3\reactive-streams-1.0.3.jar;D:\Program Files\mavenReposity\org\apache\commons\commons-pool2\2.9.0\commons-pool2-2.9.0.jar;D:\Program Files\mavenReposity\org\springframework\boot\spring-boot-starter-amqp\2.4.4\spring-boot-starter-amqp-2.4.4.jar;D:\Program Files\mavenReposity\org\springframework\spring-messaging\5.3.5\spring-messaging-5.3.5.jar;D:\Program Files\mavenReposity\org\springframework\amqp\spring-rabbit\2.3.6\spring-rabbit-2.3.6.jar;D:\Program Files\mavenReposity\org\springframework\amqp\spring-amqp\2.3.6\spring-amqp-2.3.6.jar;D:\Program Files\mavenReposity\org\springframework\retry\spring-retry\1.3.1\spring-retry-1.3.1.jar;D:\Program Files\mavenReposity\com\rabbitmq\amqp-client\5.10.0\amqp-client-5.10.0.jar;"/>
    <property name="sun.cpu.endian" value="little"/>
    <property name="user.home" value="C:\Users\86182"/>
    <property name="user.language" value="zh"/>
    <property name="java.specification.vendor" value="Oracle Corporation"/>
    <property name="java.home" value="D:\jdk1.8\jre"/>
    <property name="basedir" value="D:\miaosha-system"/>
    <property name="file.separator" value="\"/>
    <property name="line.separator" value="&#10;"/>
    <property name="java.vm.specification.vendor" value="Oracle Corporation"/>
    <property name="java.specification.name" value="Java Platform API Specification"/>
    <property name="java.awt.graphicsenv" value="sun.awt.Win32GraphicsEnvironment"/>
    <property name="surefire.real.class.path" value="C:\Users\86182\AppData\Local\Temp\surefire5314603159069173750\surefirebooter8025580728477901346.jar"/>
    <property name="sun.boot.class.path" value="D:\jdk1.8\jre\lib\resources.jar;D:\jdk1.8\jre\lib\rt.jar;D:\jdk1.8\jre\lib\sunrsasign.jar;D:\jdk1.8\jre\lib\jsse.jar;D:\jdk1.8\jre\lib\jce.jar;D:\jdk1.8\jre\lib\charsets.jar;D:\jdk1.8\jre\lib\jfr.jar;D:\jdk1.8\jre\classes"/>
    <property name="user.script" value=""/>
    <property name="sun.management.compiler" value="HotSpot 64-Bit Tiered Compilers"/>
    <property name="java.runtime.version" value="1.8.0_171-b11"/>
    <property name="user.name" value="86182"/>
    <property name="path.separator" value=";"/>
    <property name="os.version" value="10.0"/>
    <property name="java.endorsed.dirs" value="D:\jdk1.8\jre\lib\endorsed"/>
    <property name="java.runtime.name" value="Java(TM) SE Runtime Environment"/>
    <property name="file.encoding" value="GBK"/>
    <property name="java.vm.name" value="Java HotSpot(TM) 64-Bit Server VM"/>
    <property name="localRepository" value="D:\Program Files\mavenReposity"/>
    <property name="java.vendor.url.bug" value="http://bugreport.sun.com/bugreport/"/>
    <property name="java.io.tmpdir" value="C:\Users\86182\AppData\Local\Temp\"/>
    <property name="idea.version" value="2020.3.2"/>
    <property name="java.version" value="1.8.0_171"/>
    <property name="user.dir" value="D:\miaosha-system"/>
    <property name="os.arch" value="amd64"/>
    <property name="java.vm.specification.name" value="Java Virtual Machine Specification"/>
    <property name="java.awt.printerjob" value="sun.awt.windows.WPrinterJob"/>
    <property name="sun.os.patch.level" value=""/>
    <property name="java.library.path" value="D:\jdk1.8\jre\bin;C:\WINDOWS\Sun\Java\bin;C:\WINDOWS\system32;C:\WINDOWS;D:\VMwareworkstation\bin\;D:\jdk1.8\bin;C:\Windows\system32;C:\Windows;C:\Windows\System32\Wbem;C:\Windows\System32\WindowsPowerShell\v1.0\;C:\Windows\System32\OpenSSH\;C:\Program Files (x86)\NVIDIA Corporation\PhysX\Common;C:\Program Files\NVIDIA Corporation\NVIDIA NGX;C:\Program Files\NVIDIA Corporation\NVIDIA NvDLISR;C:\WINDOWS\system32;C:\WINDOWS;C:\WINDOWS\System32\Wbem;C:\WINDOWS\System32\WindowsPowerShell\v1.0\;C:\WINDOWS\System32\OpenSSH\;D:\MySQL\MySQL Server 5.7\bin;D:\Git\cmd;D:\node\;D:\apache-maven-3.6.1\bin\;D:\XShell\;D:\jdk1.8\jre\bin;D:\erl9.2\bin;C:\Users\86182\AppData\Local\Microsoft\WindowsApps;C:\Users\86182\AppData\Local\GitHubDesktop\bin;C:\Users\86182\AppData\Roaming\npm;D:\Microsoft VS Code\bin;."/>
    <property name="java.vm.info" value="mixed mode"/>
    <property name="java.vendor" value="Oracle Corporation"/>
    <property name="java.vm.version" value="25.171-b11"/>
    <property name="java.ext.dirs" value="D:\jdk1.8\jre\lib\ext;C:\WINDOWS\Sun\Java\lib\ext"/>
    <property name="sun.io.unicode.encoding" value="UnicodeLittle"/>
    <property name="maven.repo.local" value="D:\Program Files\mavenReposity"/>
    <property name="java.class.version" value="52.0"/>
  </properties>
  <testcase name="contextLoads" classname="com.dong.MiaoshaSystemApplicationTests" time="0.251"/>
</testsuite>